<?xml version="1.0" encoding="UTF-8"?>
<!-- Generated by org.testng.reporters.JUnitReportReporter -->
<testsuite hostname="IN3233809W1" failures="0" tests="1" name="com.herokuapp.restfulbooker.GetBookingTest" time="3.473" errors="0" timestamp="2024-07-13T15:16:02 IST" skipped="0">
  <testcase classname="com.herokuapp.restfulbooker.GetBookingTest" name="getBookingIdsWithoutFilterTest" time="3.473"/>
</testsuite> <!-- com.herokuapp.restfulbooker.GetBookingTest -->
