<?xml version="1.0" encoding="UTF-8"?>
<!-- Generated by org.testng.reporters.JUnitReportReporter -->
<testsuite hostname="IN3233809W1" failures="0" tests="1" name="com.herokuapp.restfulbooker.PartialUpdateBookingTests" time="8.620" errors="0" timestamp="2024-07-14T09:44:12 IST" skipped="0">
  <testcase classname="com.herokuapp.restfulbooker.PartialUpdateBookingTests" name="partialUpdateBookingTest" time="8.620"/>
</testsuite> <!-- com.herokuapp.restfulbooker.PartialUpdateBookingTests -->
